<?xml version="1.0" encoding="UTF-8"?>
<testng-results skipped="0" failed="1" total="3" passed="2">
  <reporter-output>
  </reporter-output>
  <suite name="Default suite" duration-ms="111090" started-at="2015-09-17T07:58:06Z" finished-at="2015-09-17T07:59:57Z">
    <groups>
    </groups>
    <test name="Default test" duration-ms="111090" started-at="2015-09-17T07:58:06Z" finished-at="2015-09-17T07:59:57Z">
      <class name="com.google.plus.tests.Accept_Calls">
        <test-method status="PASS" signature="setup()[pri:0, instance:com.google.plus.tests.Accept_Calls@272b479b]" name="setup" is-config="true" duration-ms="5622" started-at="2015-09-17T10:58:06Z" finished-at="2015-09-17T10:58:12Z">
          <reporter-output>
          </reporter-output>
        </test-method> <!-- setup -->
        <test-method status="PASS" signature="checkROS()[pri:0, instance:com.google.plus.tests.Accept_Calls@272b479b]" name="checkROS" is-config="true" duration-ms="1" started-at="2015-09-17T10:58:12Z" finished-at="2015-09-17T10:58:12Z">
          <reporter-output>
          </reporter-output>
        </test-method> <!-- checkROS -->
        <test-method status="PASS" signature="signInloadPage()[pri:0, instance:com.google.plus.tests.Accept_Calls@272b479b]" name="signInloadPage" duration-ms="22224" started-at="2015-09-17T10:58:12Z" finished-at="2015-09-17T10:58:34Z">
          <reporter-output>
          </reporter-output>
        </test-method> <!-- signInloadPage -->
        <test-method status="PASS" signature="deactiveDocker()[pri:0, instance:com.google.plus.tests.Accept_Calls@272b479b]" name="deactiveDocker" is-config="true" duration-ms="0" started-at="2015-09-17T10:58:34Z" finished-at="2015-09-17T10:58:34Z">
          <reporter-output>
          </reporter-output>
        </test-method> <!-- deactiveDocker -->
        <test-method status="PASS" signature="checkROS()[pri:0, instance:com.google.plus.tests.Accept_Calls@272b479b]" name="checkROS" is-config="true" duration-ms="1" started-at="2015-09-17T10:58:34Z" finished-at="2015-09-17T10:58:34Z">
          <reporter-output>
          </reporter-output>
        </test-method> <!-- checkROS -->
        <test-method status="PASS" signature="checkUserSophia()[pri:0, instance:com.google.plus.tests.Accept_Calls@272b479b]" name="checkUserSophia" duration-ms="25" started-at="2015-09-17T10:58:34Z" depends-on-methods="com.google.plus.tests.Accept_Calls.signInloadPage" finished-at="2015-09-17T10:58:34Z">
          <reporter-output>
          </reporter-output>
        </test-method> <!-- checkUserSophia -->
        <test-method status="PASS" signature="deactiveDocker()[pri:0, instance:com.google.plus.tests.Accept_Calls@272b479b]" name="deactiveDocker" is-config="true" duration-ms="1" started-at="2015-09-17T10:58:34Z" finished-at="2015-09-17T10:58:34Z">
          <reporter-output>
          </reporter-output>
        </test-method> <!-- deactiveDocker -->
        <test-method status="PASS" signature="checkROS()[pri:0, instance:com.google.plus.tests.Accept_Calls@272b479b]" name="checkROS" is-config="true" duration-ms="1" started-at="2015-09-17T10:58:34Z" finished-at="2015-09-17T10:58:34Z">
          <reporter-output>
          </reporter-output>
        </test-method> <!-- checkROS -->
        <test-method status="FAIL" signature="awaitChatMessage()[pri:0, instance:com.google.plus.tests.Accept_Calls@272b479b]" name="awaitChatMessage" duration-ms="83196" started-at="2015-09-17T10:58:34Z" depends-on-methods="com.google.plus.tests.Accept_Calls.checkUserSophia" finished-at="2015-09-17T10:59:57Z">
          <exception class="org.openqa.selenium.NoSuchElementException">
            <message>
              <![CDATA[Unable to locate element: {"method":"css selector","selector":".Xv.yR.uq.Q"}
Command duration or timeout: 4 milliseconds
For documentation on this error, please visit: http://seleniumhq.org/exceptions/no_such_element.html
Build info: version: '2.47.1', revision: 'unknown', time: '2015-07-30 11:02:44'
System info: host: 'icoglabs-OptiPlex-7010', ip: '127.0.1.1', os.name: 'Linux', os.arch: 'amd64', os.version: '3.13.0-61-generic', java.version: '1.7.0_79'
*** Element info: {Using=css selector, value=.Xv.yR.uq.Q}
Session ID: 767e6ad7-9038-4504-b372-030a34c0695f
Driver info: org.openqa.selenium.firefox.FirefoxDriver
Capabilities [{platform=LINUX, acceptSslCerts=true, javascriptEnabled=true, cssSelectorsEnabled=true, databaseEnabled=true, browserName=firefox, handlesAlerts=true, nativeEvents=false, webStorageEnabled=true, rotatable=false, locationContextEnabled=true, applicationCacheEnabled=true, takesScreenshot=true, version=39.0}]]]>
            </message>
            <full-stacktrace>
              <![CDATA[org.openqa.selenium.NoSuchElementException: Unable to locate element: {"method":"css selector","selector":".Xv.yR.uq.Q"}
Command duration or timeout: 4 milliseconds
For documentation on this error, please visit: http://seleniumhq.org/exceptions/no_such_element.html
Build info: version: '2.47.1', revision: 'unknown', time: '2015-07-30 11:02:44'
System info: host: 'icoglabs-OptiPlex-7010', ip: '127.0.1.1', os.name: 'Linux', os.arch: 'amd64', os.version: '3.13.0-61-generic', java.version: '1.7.0_79'
*** Element info: {Using=css selector, value=.Xv.yR.uq.Q}
Session ID: 767e6ad7-9038-4504-b372-030a34c0695f
Driver info: org.openqa.selenium.firefox.FirefoxDriver
Capabilities [{platform=LINUX, acceptSslCerts=true, javascriptEnabled=true, cssSelectorsEnabled=true, databaseEnabled=true, browserName=firefox, handlesAlerts=true, nativeEvents=false, webStorageEnabled=true, rotatable=false, locationContextEnabled=true, applicationCacheEnabled=true, takesScreenshot=true, version=39.0}]
	at sun.reflect.GeneratedConstructorAccessor12.newInstance(Unknown Source)
	at sun.reflect.DelegatingConstructorAccessorImpl.newInstance(DelegatingConstructorAccessorImpl.java:45)
	at java.lang.reflect.Constructor.newInstance(Constructor.java:526)
	at org.openqa.selenium.remote.ErrorHandler.createThrowable(ErrorHandler.java:206)
	at org.openqa.selenium.remote.ErrorHandler.throwIfResponseFailed(ErrorHandler.java:158)
	at org.openqa.selenium.remote.RemoteWebDriver.execute(RemoteWebDriver.java:595)
	at org.openqa.selenium.remote.RemoteWebDriver.findElement(RemoteWebDriver.java:348)
	at org.openqa.selenium.remote.RemoteWebDriver.findElementByCssSelector(RemoteWebDriver.java:437)
	at org.openqa.selenium.By$ByCssSelector.findElement(By.java:426)
	at org.openqa.selenium.remote.RemoteWebDriver.findElement(RemoteWebDriver.java:340)
	at com.google.plus.tests.Accept_Calls.awaitChatMessage(Accept_Calls.java:175)
	at sun.reflect.NativeMethodAccessorImpl.invoke0(Native Method)
	at sun.reflect.NativeMethodAccessorImpl.invoke(NativeMethodAccessorImpl.java:57)
	at sun.reflect.DelegatingMethodAccessorImpl.invoke(DelegatingMethodAccessorImpl.java:43)
	at java.lang.reflect.Method.invoke(Method.java:606)
	at org.testng.internal.MethodInvocationHelper.invokeMethod(MethodInvocationHelper.java:85)
	at org.testng.internal.Invoker.invokeMethod(Invoker.java:639)
	at org.testng.internal.Invoker.invokeTestMethod(Invoker.java:816)
	at org.testng.internal.Invoker.invokeTestMethods(Invoker.java:1124)
	at org.testng.internal.TestMethodWorker.invokeTestMethods(TestMethodWorker.java:124)
	at org.testng.internal.TestMethodWorker.run(TestMethodWorker.java:108)
	at org.testng.TestRunner.privateRun(TestRunner.java:773)
	at org.testng.TestRunner.run(TestRunner.java:623)
	at org.testng.SuiteRunner.runTest(SuiteRunner.java:359)
	at org.testng.SuiteRunner.runSequentially(SuiteRunner.java:354)
	at org.testng.SuiteRunner.privateRun(SuiteRunner.java:312)
	at org.testng.SuiteRunner.run(SuiteRunner.java:261)
	at org.testng.SuiteRunnerWorker.runSuite(SuiteRunnerWorker.java:52)
	at org.testng.SuiteRunnerWorker.run(SuiteRunnerWorker.java:86)
	at org.testng.TestNG.runSuitesSequentially(TestNG.java:1185)
	at org.testng.TestNG.runSuitesLocally(TestNG.java:1110)
	at org.testng.TestNG.run(TestNG.java:1018)
	at org.testng.remote.RemoteTestNG.run(RemoteTestNG.java:112)
	at org.testng.remote.RemoteTestNG.initAndRun(RemoteTestNG.java:205)
	at org.testng.remote.RemoteTestNG.main(RemoteTestNG.java:176)
Caused by: org.openqa.selenium.NoSuchElementException: Unable to locate element: {"method":"css selector","selector":".Xv.yR.uq.Q"}
For documentation on this error, please visit: http://seleniumhq.org/exceptions/no_such_element.html
Build info: version: '2.47.1', revision: 'unknown', time: '2015-07-30 11:02:44'
System info: host: 'icoglabs-OptiPlex-7010', ip: '127.0.1.1', os.name: 'Linux', os.arch: 'amd64', os.version: '3.13.0-61-generic', java.version: '1.7.0_79'
Driver info: driver.version: unknown
	at <anonymous class>.FirefoxDriver.prototype.findElementInternal_(file:///tmp/anonymous3245405843857271064webdriver-profile/extensions/fxdriver@googlecode.com/components/driver-component.js:10667)
	at <anonymous class>.FirefoxDriver.prototype.findElement(file:///tmp/anonymous3245405843857271064webdriver-profile/extensions/fxdriver@googlecode.com/components/driver-component.js:10676)
	at <anonymous class>.DelayedCommand.prototype.executeInternal_/h(file:///tmp/anonymous3245405843857271064webdriver-profile/extensions/fxdriver@googlecode.com/components/command-processor.js:12643)
	at <anonymous class>.DelayedCommand.prototype.executeInternal_(file:///tmp/anonymous3245405843857271064webdriver-profile/extensions/fxdriver@googlecode.com/components/command-processor.js:12648)
	at <anonymous class>.DelayedCommand.prototype.execute/<(file:///tmp/anonymous3245405843857271064webdriver-profile/extensions/fxdriver@googlecode.com/components/command-processor.js:12590)
]]>
            </full-stacktrace>
          </exception> <!-- org.openqa.selenium.NoSuchElementException -->
          <reporter-output>
          </reporter-output>
        </test-method> <!-- awaitChatMessage -->
        <test-method status="PASS" signature="teardown()[pri:0, instance:com.google.plus.tests.Accept_Calls@272b479b]" name="teardown" is-config="true" duration-ms="0" started-at="2015-09-17T10:59:57Z" finished-at="2015-09-17T10:59:57Z">
          <reporter-output>
          </reporter-output>
        </test-method> <!-- teardown -->
        <test-method status="PASS" signature="deactiveDocker()[pri:0, instance:com.google.plus.tests.Accept_Calls@272b479b]" name="deactiveDocker" is-config="true" duration-ms="0" started-at="2015-09-17T10:59:57Z" finished-at="2015-09-17T10:59:57Z">
          <reporter-output>
          </reporter-output>
        </test-method> <!-- deactiveDocker -->
      </class> <!-- com.google.plus.tests.Accept_Calls -->
    </test> <!-- Default test -->
  </suite> <!-- Default suite -->
</testng-results>
